SF:/Users/roman/projects/xmpp-dart/lib/src/srv.dart
DA:17,2
DA:19,0
DA:20,0
DA:38,2
DA:45,2
DA:46,2
DA:47,12
DA:48,2
DA:49,2
DA:50,2
DA:51,2
DA:52,2
DA:53,2
DA:54,10
DA:55,2
DA:56,4
DA:57,4
DA:58,2
DA:60,2
DA:61,2
DA:62,2
DA:63,2
DA:68,2
DA:69,4
DA:70,12
DA:72,2
DA:73,2
DA:76,4
DA:77,2
DA:78,2
DA:81,2
DA:82,4
DA:83,2
DA:84,2
DA:85,4
DA:86,2
DA:87,4
DA:88,2
DA:89,4
DA:90,4
DA:91,4
DA:92,2
DA:93,4
DA:96,2
DA:102,2
DA:103,9
DA:104,6
DA:109,2
DA:110,2
DA:115,4
DA:116,2
DA:117,2
DA:118,2
DA:121,4
DA:122,10
DA:123,2
DA:127,2
DA:128,8
DA:129,2
DA:131,2
DA:134,4
DA:145,2
DA:146,1
DA:148,1
DA:150,1
DA:152,1
DA:153,2
DA:154,2
DA:155,2
DA:156,1
DA:160,3
DA:161,1
DA:162,1
DA:163,5
DA:167,1
DA:168,2
DA:169,1
DA:172,2
DA:173,2
DA:174,2
DA:176,1
DA:177,2
DA:178,1
DA:179,1
DA:180,3
DA:184,3
DA:185,1
DA:187,1
DA:194,1
DA:198,1
DA:200,1
DA:201,1
DA:202,2
DA:203,1
DA:204,1
DA:205,2
DA:206,3
LF:97
LH:95
end_of_record
SF:/Users/roman/projects/xmpp-dart/lib/src/client.dart
DA:59,2
DA:84,4
DA:100,0
DA:101,0
DA:103,0
DA:104,0
DA:109,3
DA:112,0
DA:114,9
DA:118,4
DA:119,4
DA:120,6
DA:121,4
DA:124,4
DA:126,4
DA:129,8
DA:131,4
DA:136,3
DA:138,1
DA:139,2
DA:145,2
DA:149,0
DA:156,4
DA:157,4
DA:159,1
DA:160,1
DA:162,4
DA:163,9
DA:164,9
DA:166,3
DA:167,1
DA:168,3
DA:170,6
DA:175,3
DA:176,6
DA:177,4
DA:178,2
DA:183,4
DA:184,4
DA:185,12
DA:186,4
DA:188,4
DA:189,4
DA:190,4
DA:192,4
DA:193,4
DA:195,4
DA:196,6
DA:197,6
DA:198,6
DA:199,16
DA:200,20
DA:201,16
DA:202,6
DA:203,16
DA:204,6
DA:205,21
DA:206,4
DA:207,0
DA:209,4
DA:210,0
DA:212,4
DA:215,4
DA:216,8
DA:217,4
DA:218,4
DA:219,4
DA:222,4
DA:225,4
DA:226,4
DA:227,10
DA:228,4
DA:235,1
DA:236,1
DA:237,1
DA:238,2
DA:239,3
DA:241,1
DA:242,2
DA:245,2
DA:250,1
DA:251,1
DA:252,1
DA:253,1
DA:254,1
DA:255,1
DA:256,1
DA:257,1
DA:258,2
DA:259,1
DA:260,2
DA:264,1
DA:265,1
DA:266,1
DA:267,3
DA:271,2
DA:272,2
DA:274,10
DA:278,1
DA:279,4
DA:281,2
DA:286,7
DA:289,4
DA:294,1
DA:295,2
DA:296,2
DA:300,0
DA:301,0
DA:302,0
DA:305,4
DA:306,4
DA:307,8
DA:308,8
DA:309,8
DA:310,5
DA:311,8
DA:312,8
DA:313,8
DA:314,8
DA:315,8
DA:316,8
LF:121
LH:110
end_of_record
SF:/Users/roman/projects/xmpp-dart/lib/src/connection.dart
DA:81,7
DA:94,15
DA:95,15
DA:99,15
DA:100,2
DA:105,7
DA:106,63
DA:107,35
DA:108,35
DA:109,40
DA:110,7
DA:112,7
DA:114,5
DA:115,5
DA:118,7
DA:121,3
DA:122,9
DA:123,9
DA:124,4
DA:126,10
DA:130,5
DA:131,5
DA:132,5
DA:133,5
DA:135,7
DA:136,5
DA:138,10
DA:140,6
DA:141,5
DA:142,5
DA:146,6
DA:147,6
DA:148,12
DA:149,12
DA:150,12
DA:151,6
DA:152,6
DA:153,6
DA:154,12
DA:156,12
DA:162,7
DA:163,14
DA:167,7
DA:168,7
DA:170,26
DA:171,3
DA:172,3
DA:176,2
DA:177,1
DA:183,7
DA:184,7
DA:190,13
DA:191,2
DA:195,7
DA:196,7
DA:197,7
DA:198,7
DA:203,7
DA:204,7
DA:205,7
DA:206,7
DA:209,3
DA:210,15
DA:211,3
DA:212,15
DA:213,0
DA:216,9
DA:218,2
DA:224,2
DA:225,10
DA:226,2
DA:227,4
DA:228,0
DA:230,4
DA:231,2
DA:232,6
DA:233,6
DA:235,6
DA:237,1
DA:238,2
DA:241,0
DA:247,7
DA:248,9
DA:251,10
DA:252,2
DA:253,10
DA:254,4
DA:255,6
DA:260,7
DA:261,14
DA:262,21
DA:265,7
DA:267,7
DA:270,7
DA:272,7
DA:276,70
DA:279,21
DA:281,2
DA:284,7
DA:285,14
DA:286,7
DA:288,14
DA:289,7
DA:290,7
DA:294,7
DA:295,14
DA:296,4
DA:298,14
DA:299,7
DA:300,0
DA:301,0
DA:302,7
DA:303,14
DA:304,14
DA:306,3
DA:307,6
DA:309,0
DA:314,7
DA:315,7
DA:317,7
DA:318,14
DA:320,42
DA:322,7
DA:323,14
DA:324,3
DA:326,21
DA:328,3
DA:330,14
DA:335,7
DA:336,21
DA:337,18
DA:338,3
DA:339,4
DA:341,6
DA:343,3
DA:344,4
DA:345,4
DA:347,4
DA:353,15
DA:354,2
DA:355,1
DA:356,5
DA:358,1
DA:359,2
DA:362,2
DA:363,0
DA:364,0
DA:365,0
DA:369,1
DA:370,1
DA:375,7
DA:376,5
DA:377,8
DA:379,14
DA:385,1
DA:386,3
DA:387,1
DA:388,0
DA:389,0
DA:391,2
DA:395,28
DA:399,7
DA:400,13
DA:401,1
DA:402,3
DA:403,0
DA:404,0
DA:405,0
DA:409,6
DA:410,7
DA:411,6
DA:414,6
DA:415,6
DA:416,6
DA:417,7
DA:418,12
DA:419,6
DA:423,7
DA:424,14
DA:425,7
DA:426,14
DA:429,21
DA:430,0
DA:432,7
DA:433,14
DA:434,35
DA:449,7
DA:450,7
DA:452,7
DA:453,7
DA:455,0
DA:459,3
DA:460,3
DA:462,3
DA:463,3
DA:465,0
DA:469,7
DA:470,14
DA:471,7
DA:472,0
DA:473,0
DA:474,0
DA:476,7
DA:477,7
DA:478,14
LF:205
LH:185
end_of_record
SF:/Users/roman/projects/xmpp-dart/lib/src/errors.dart
DA:10,8
DA:15,1
DA:16,3
DA:38,4
DA:40,1
DA:41,2
DA:46,6
DA:47,3
DA:54,2
DA:55,1
DA:62,2
DA:63,1
DA:70,1
DA:71,1
DA:78,2
DA:79,0
DA:86,3
DA:87,0
DA:93,11
LF:19
LH:17
end_of_record
SF:/Users/roman/projects/xmpp-dart/lib/src/iq.dart
DA:7,2
DA:8,0
DA:9,0
DA:24,6
DA:25,18
DA:33,2
DA:34,2
DA:35,0
DA:37,2
DA:39,6
DA:40,2
DA:41,2
DA:42,3
DA:45,2
DA:46,4
DA:48,4
DA:50,2
DA:51,1
DA:53,4
DA:54,2
DA:55,1
DA:56,2
DA:57,2
DA:62,3
DA:63,9
DA:64,3
DA:66,6
DA:68,2
DA:69,3
DA:71,1
DA:76,5
DA:77,5
DA:78,5
DA:79,11
DA:80,1
DA:81,2
DA:84,10
DA:85,10
LF:38
LH:35
end_of_record
SF:/Users/roman/projects/xmpp-dart/lib/src/iq_responder.dart
DA:22,1
DA:24,0
DA:25,0
DA:40,5
DA:41,15
DA:45,20
DA:48,4
DA:50,3
DA:51,9
DA:52,3
DA:53,4
DA:55,6
DA:56,6
DA:57,3
DA:60,3
DA:61,12
DA:62,6
DA:64,3
DA:69,3
DA:70,9
DA:71,1
DA:72,5
DA:74,3
DA:78,3
DA:79,3
DA:80,3
DA:81,15
DA:84,11
DA:86,3
DA:87,2
DA:88,1
DA:90,1
DA:91,1
DA:92,2
DA:97,12
LF:35
LH:33
end_of_record
SF:/Users/roman/projects/xmpp-dart/lib/src/jid.dart
DA:16,8
DA:19,8
DA:24,8
DA:25,8
DA:26,16
DA:27,8
DA:30,8
DA:31,8
DA:32,8
DA:33,16
DA:36,8
DA:40,4
DA:42,7
DA:44,7
DA:45,28
DA:46,14
DA:47,28
DA:48,7
DA:51,1
DA:53,10
DA:55,1
DA:56,4
LF:22
LH:22
end_of_record
SF:/Users/roman/projects/xmpp-dart/lib/src/reconnect.dart
DA:27,4
DA:37,6
DA:38,0
DA:41,2
DA:42,10
DA:43,8
DA:44,2
DA:49,4
DA:50,4
DA:52,8
DA:55,6
DA:56,6
DA:57,5
DA:58,2
DA:59,8
DA:64,2
LF:16
LH:15
end_of_record
SF:/Users/roman/projects/xmpp-dart/lib/src/stream_management.dart
DA:45,4
DA:48,6
DA:50,6
DA:52,4
DA:53,8
DA:54,9
DA:60,4
DA:61,16
DA:67,2
DA:68,8
DA:76,4
DA:77,16
DA:78,8
DA:79,3
DA:81,4
DA:82,2
DA:84,15
DA:85,12
DA:87,4
DA:93,4
DA:94,4
DA:95,4
DA:96,13
DA:97,12
DA:98,4
DA:99,4
DA:100,8
DA:105,4
DA:106,8
DA:108,1
DA:110,3
DA:111,3
DA:112,6
DA:116,2
DA:117,2
DA:118,2
DA:119,2
DA:120,2
DA:121,4
DA:125,3
DA:126,3
DA:131,3
DA:132,18
DA:134,18
DA:136,15
DA:138,9
DA:140,3
LF:47
LH:47
end_of_record
SF:/Users/roman/projects/xmpp-dart/lib/src/transport.dart
DA:31,1
DA:32,1
DA:37,1
DA:39,1
DA:40,1
DA:43,1
DA:44,3
DA:45,2
DA:46,2
DA:47,1
DA:48,4
DA:54,1
DA:55,2
DA:57,1
DA:58,2
DA:60,0
DA:62,0
DA:63,0
DA:64,0
DA:67,1
DA:69,2
DA:70,2
DA:71,4
DA:72,4
DA:75,1
DA:76,2
LF:26
LH:22
end_of_record
SF:/Users/roman/projects/xmpp-dart/lib/src/sasl.dart
DA:20,7
DA:27,8
DA:29,8
DA:32,8
DA:33,24
DA:35,0
DA:36,0
DA:49,2
DA:51,0
DA:54,1
DA:56,5
DA:57,2
DA:60,1
DA:62,1
DA:63,1
DA:64,1
DA:65,2
DA:66,0
DA:68,2
DA:69,2
DA:71,3
DA:72,2
DA:73,2
DA:76,1
DA:77,3
DA:78,1
DA:80,1
DA:81,1
DA:83,2
DA:84,2
DA:86,2
DA:89,1
DA:92,2
DA:94,3
DA:95,1
DA:99,1
DA:100,1
DA:101,4
DA:106,1
DA:107,6
DA:108,1
DA:109,2
DA:110,1
DA:111,3
DA:112,3
DA:118,4
DA:120,8
DA:123,3
DA:125,1
DA:126,1
DA:127,2
DA:128,1
DA:129,5
DA:136,8
DA:137,8
DA:138,1
DA:140,8
DA:141,8
LF:58
LH:54
end_of_record
SF:/Users/roman/projects/xmpp-dart/lib/src/xml.dart
DA:10,12
DA:11,12
DA:12,12
DA:13,72
DA:14,30
DA:37,3
DA:38,24
DA:39,3
DA:43,24
DA:49,8
DA:50,8
DA:54,8
DA:55,8
DA:56,16
DA:57,40
DA:60,8
DA:62,16
DA:64,4
DA:68,8
DA:69,16
DA:70,8
DA:74,8
DA:75,8
DA:76,16
DA:77,24
DA:78,16
DA:81,24
DA:82,32
DA:85,16
DA:86,24
DA:90,8
DA:91,16
DA:92,1
DA:93,2
DA:96,16
DA:97,16
DA:98,16
DA:99,40
DA:100,16
DA:106,32
DA:109,32
DA:111,40
DA:112,40
DA:115,6
DA:116,12
DA:117,18
DA:118,18
DA:119,18
DA:120,18
DA:126,8
DA:128,8
DA:129,16
DA:131,6
LF:53
LH:53
end_of_record
