SF:/Users/roman/projects/xmpp-dart/lib/src/srv.dart
DA:17,2
DA:25,0
DA:27,0
DA:45,2
DA:52,2
DA:53,2
DA:54,12
DA:55,2
DA:56,2
DA:57,2
DA:58,2
DA:59,2
DA:60,2
DA:61,10
DA:62,2
DA:63,4
DA:64,4
DA:65,2
DA:67,2
DA:68,2
DA:69,2
DA:70,2
DA:75,2
DA:76,4
DA:77,12
DA:79,2
DA:80,2
DA:83,4
DA:84,2
DA:85,2
DA:88,2
DA:89,4
DA:90,2
DA:91,2
DA:92,4
DA:93,2
DA:94,4
DA:95,2
DA:96,4
DA:97,4
DA:98,4
DA:99,2
DA:100,4
DA:103,2
DA:109,2
DA:110,9
DA:111,6
DA:116,2
DA:117,2
DA:122,4
DA:123,2
DA:124,2
DA:125,2
DA:128,4
DA:129,10
DA:130,2
DA:134,2
DA:135,8
DA:136,2
DA:138,2
DA:141,4
DA:152,2
DA:156,1
DA:158,1
DA:160,1
DA:165,1
DA:166,2
DA:167,2
DA:168,2
DA:169,1
DA:173,3
DA:174,1
DA:175,1
DA:176,3
DA:177,2
DA:181,1
DA:182,2
DA:183,1
DA:186,2
DA:187,2
DA:188,2
DA:190,1
DA:191,2
DA:192,1
DA:193,1
DA:194,3
DA:198,3
DA:199,1
DA:201,1
DA:208,1
DA:212,1
DA:214,1
DA:215,1
DA:216,2
DA:217,1
DA:218,1
DA:219,2
DA:220,3
LF:98
LH:96
end_of_record
SF:/Users/roman/projects/xmpp-dart/lib/src/client.dart
DA:59,2
DA:79,3
DA:95,0
DA:100,0
DA:102,0
DA:103,0
DA:108,3
DA:111,0
DA:112,0
DA:114,6
DA:118,3
DA:119,3
DA:120,5
DA:121,3
DA:124,3
DA:125,3
DA:127,6
DA:129,3
DA:135,2
DA:138,0
DA:143,3
DA:144,3
DA:145,6
DA:146,6
DA:148,3
DA:149,1
DA:150,3
DA:152,1
DA:153,1
DA:154,4
DA:158,3
DA:160,9
DA:161,3
DA:163,3
DA:164,3
DA:165,3
DA:167,3
DA:168,3
DA:170,3
DA:171,4
DA:172,4
DA:173,4
DA:174,12
DA:175,15
DA:176,15
DA:177,4
DA:178,12
DA:179,4
DA:180,12
DA:181,4
DA:182,3
DA:183,0
DA:185,3
DA:186,0
DA:188,3
DA:191,3
DA:192,6
DA:193,3
DA:194,3
DA:197,3
DA:200,3
DA:201,3
DA:203,3
DA:204,1
DA:205,1
DA:206,1
DA:207,2
DA:212,1
DA:213,1
DA:215,5
DA:219,1
DA:220,4
DA:222,1
DA:227,2
DA:228,5
DA:231,1
DA:232,3
DA:237,1
DA:238,2
DA:239,2
DA:243,0
DA:244,0
DA:245,0
DA:248,3
DA:249,3
DA:250,6
DA:251,6
DA:252,6
DA:253,4
DA:254,6
DA:255,6
DA:256,6
DA:257,6
DA:258,6
DA:259,6
LF:95
LH:83
end_of_record
SF:/Users/roman/projects/xmpp-dart/lib/src/connection.dart
DA:90,6
DA:103,12
DA:104,12
DA:108,12
DA:109,2
DA:114,6
DA:115,18
DA:116,12
DA:117,24
DA:118,30
DA:119,30
DA:120,34
DA:121,6
DA:123,6
DA:125,4
DA:126,4
DA:129,6
DA:132,3
DA:133,9
DA:134,9
DA:135,4
DA:137,10
DA:141,4
DA:142,4
DA:143,4
DA:144,4
DA:146,6
DA:147,5
DA:149,8
DA:151,5
DA:152,4
DA:153,4
DA:157,5
DA:158,5
DA:159,10
DA:160,10
DA:161,10
DA:162,5
DA:163,5
DA:164,5
DA:165,10
DA:167,10
DA:173,6
DA:174,12
DA:178,6
DA:179,6
DA:182,22
DA:183,3
DA:184,3
DA:188,2
DA:189,1
DA:196,6
DA:197,6
DA:203,12
DA:204,2
DA:208,6
DA:209,6
DA:210,6
DA:211,6
DA:216,6
DA:217,6
DA:218,6
DA:219,6
DA:222,3
DA:223,15
DA:224,3
DA:225,9
DA:226,6
DA:227,0
DA:228,0
DA:231,9
DA:233,2
DA:239,2
DA:240,10
DA:241,2
DA:242,4
DA:243,0
DA:244,0
DA:246,4
DA:247,2
DA:248,6
DA:249,6
DA:251,6
DA:253,1
DA:254,2
DA:257,0
DA:258,0
DA:264,6
DA:265,8
DA:268,10
DA:269,2
DA:270,4
DA:271,6
DA:272,4
DA:273,6
DA:278,6
DA:279,12
DA:280,18
DA:282,6
DA:283,6
DA:286,6
DA:287,6
DA:288,6
DA:289,30
DA:290,18
DA:291,6
DA:294,18
DA:296,2
DA:299,6
DA:300,24
DA:302,6
DA:303,12
DA:306,6
DA:307,12
DA:308,1
DA:309,3
DA:311,12
DA:312,6
DA:313,0
DA:314,0
DA:315,0
DA:316,0
DA:317,6
DA:318,12
DA:319,12
DA:321,3
DA:322,6
DA:324,0
DA:329,6
DA:330,18
DA:331,6
DA:333,12
DA:334,18
DA:335,6
DA:337,6
DA:338,12
DA:339,3
DA:341,12
DA:342,6
DA:344,3
DA:346,12
DA:351,6
DA:352,18
DA:353,4
DA:355,8
DA:356,4
DA:357,2
DA:358,2
DA:359,2
DA:361,2
DA:367,6
DA:368,4
DA:369,2
DA:370,2
DA:371,2
DA:372,1
DA:373,5
DA:375,1
DA:376,2
DA:379,2
DA:380,0
DA:381,0
DA:382,0
DA:386,1
DA:387,1
DA:392,6
DA:393,5
DA:394,8
DA:396,12
DA:402,1
DA:404,3
DA:405,1
DA:406,0
DA:407,0
DA:409,2
DA:413,24
DA:417,6
DA:418,12
DA:419,1
DA:420,3
DA:421,0
DA:422,0
DA:423,0
DA:427,5
DA:428,6
DA:429,5
DA:432,5
DA:433,5
DA:434,5
DA:435,6
DA:436,10
DA:437,5
DA:441,6
DA:442,12
DA:443,6
DA:444,12
DA:447,18
DA:448,0
DA:450,6
DA:451,12
DA:452,18
DA:453,12
DA:468,6
DA:469,6
DA:471,6
DA:472,6
DA:474,0
DA:478,2
DA:479,2
DA:481,2
DA:482,2
DA:484,0
DA:488,6
DA:489,12
DA:490,6
DA:491,0
DA:492,0
DA:493,0
DA:495,6
DA:496,6
DA:497,12
LF:221
LH:196
end_of_record
SF:/Users/roman/projects/xmpp-dart/lib/src/errors.dart
DA:10,7
DA:15,1
DA:16,3
DA:33,3
DA:35,1
DA:36,2
DA:41,6
DA:42,3
DA:49,2
DA:50,1
DA:57,2
DA:58,1
DA:65,1
DA:66,1
DA:73,2
DA:74,0
DA:81,3
DA:82,0
DA:88,4
DA:89,7
LF:20
LH:18
end_of_record
SF:/Users/roman/projects/xmpp-dart/lib/src/iq.dart
DA:7,2
DA:8,0
DA:9,0
DA:24,5
DA:29,15
DA:37,2
DA:38,2
DA:39,0
DA:41,2
DA:43,6
DA:44,2
DA:45,2
DA:46,3
DA:49,2
DA:50,4
DA:52,4
DA:54,2
DA:55,1
DA:57,7
DA:58,2
DA:59,2
DA:63,3
DA:64,9
DA:65,3
DA:67,6
DA:69,2
DA:70,3
DA:72,1
DA:77,4
DA:78,4
DA:79,4
DA:80,9
DA:81,1
DA:82,2
DA:85,8
DA:86,8
LF:36
LH:33
end_of_record
SF:/Users/roman/projects/xmpp-dart/lib/src/iq_responder.dart
DA:23,1
DA:25,0
DA:26,0
DA:41,4
DA:42,12
DA:46,4
DA:47,12
DA:50,1
DA:51,3
DA:53,3
DA:54,9
DA:55,3
DA:56,4
DA:58,6
DA:59,6
DA:60,3
DA:63,3
DA:64,12
DA:65,6
DA:67,3
DA:72,3
DA:73,9
DA:74,1
DA:75,5
DA:77,3
DA:81,3
DA:82,3
DA:83,3
DA:84,6
DA:85,3
DA:86,3
DA:87,3
DA:91,3
DA:92,8
DA:94,1
DA:100,2
DA:101,2
DA:102,3
DA:103,2
DA:107,9
LF:40
LH:38
end_of_record
SF:/Users/roman/projects/xmpp-dart/lib/src/jid.dart
DA:16,7
DA:19,7
DA:24,7
DA:25,7
DA:26,14
DA:27,7
DA:30,7
DA:31,7
DA:32,7
DA:33,14
DA:36,7
DA:40,4
DA:42,6
DA:44,6
DA:45,24
DA:46,12
DA:47,24
DA:48,6
DA:51,1
DA:53,1
DA:54,3
DA:55,3
DA:56,3
DA:58,1
DA:59,4
LF:25
LH:25
end_of_record
SF:/Users/roman/projects/xmpp-dart/lib/src/reconnect.dart
DA:27,3
DA:37,6
DA:38,0
DA:41,2
DA:42,10
DA:43,8
DA:44,2
DA:49,3
DA:50,3
DA:52,6
DA:55,6
DA:56,6
DA:57,5
DA:58,2
DA:59,8
DA:64,2
LF:16
LH:15
end_of_record
SF:/Users/roman/projects/xmpp-dart/lib/src/stream_management.dart
DA:45,4
DA:48,6
DA:50,6
DA:52,4
DA:53,8
DA:54,9
DA:60,4
DA:61,16
DA:67,2
DA:68,8
DA:76,4
DA:77,16
DA:78,8
DA:79,1
DA:80,2
DA:82,4
DA:83,1
DA:84,1
DA:86,15
DA:87,12
DA:89,4
DA:95,4
DA:96,4
DA:97,4
DA:98,13
DA:99,12
DA:100,4
DA:101,4
DA:102,8
DA:107,4
DA:108,8
DA:110,1
DA:112,3
DA:113,3
DA:114,6
DA:118,2
DA:119,2
DA:120,2
DA:121,2
DA:122,2
DA:123,4
DA:127,3
DA:128,3
DA:133,9
DA:134,3
DA:135,3
DA:136,6
DA:139,3
DA:140,15
DA:142,15
DA:144,9
DA:146,3
LF:52
LH:52
end_of_record
SF:/Users/roman/projects/xmpp-dart/lib/src/transport.dart
DA:31,1
DA:32,1
DA:37,1
DA:44,0
DA:45,1
DA:46,1
DA:49,1
DA:50,3
DA:51,2
DA:52,2
DA:53,1
DA:54,4
DA:60,1
DA:61,2
DA:63,1
DA:64,2
DA:66,0
DA:68,0
DA:69,0
DA:70,0
DA:73,1
DA:75,2
DA:76,2
DA:77,4
DA:78,4
DA:81,1
DA:82,2
LF:27
LH:22
end_of_record
SF:/Users/roman/projects/xmpp-dart/lib/src/sasl.dart
DA:20,6
DA:27,7
DA:29,7
DA:32,7
DA:33,21
DA:35,0
DA:37,0
DA:50,1
DA:51,1
DA:53,0
DA:56,1
DA:58,5
DA:59,2
DA:62,1
DA:64,1
DA:65,1
DA:66,1
DA:67,2
DA:68,0
DA:70,2
DA:71,2
DA:73,3
DA:74,2
DA:75,2
DA:78,1
DA:80,3
DA:81,1
DA:83,1
DA:84,1
DA:86,2
DA:87,2
DA:89,2
DA:92,1
DA:95,2
DA:97,3
DA:98,1
DA:102,1
DA:103,1
DA:104,4
DA:109,1
DA:110,6
DA:111,1
DA:112,2
DA:113,1
DA:114,3
DA:115,3
DA:121,1
DA:122,3
DA:124,1
DA:125,7
DA:128,1
DA:129,2
DA:131,1
DA:132,1
DA:133,2
DA:134,1
DA:135,5
DA:142,7
DA:147,7
DA:148,1
DA:150,7
DA:151,7
LF:62
LH:58
end_of_record
SF:/Users/roman/projects/xmpp-dart/lib/src/xml.dart
DA:10,11
DA:16,11
DA:17,11
DA:18,11
DA:19,11
DA:20,44
DA:22,11
DA:23,8
DA:24,8
DA:48,3
DA:49,21
DA:50,3
DA:54,21
DA:60,7
DA:61,7
DA:65,7
DA:66,7
DA:67,14
DA:68,35
DA:71,7
DA:73,14
DA:75,4
DA:79,7
DA:80,14
DA:81,7
DA:85,7
DA:86,7
DA:87,14
DA:88,21
DA:89,14
DA:92,21
DA:93,28
DA:96,14
DA:97,21
DA:101,7
DA:102,14
DA:103,1
DA:104,2
DA:107,14
DA:108,14
DA:109,14
DA:110,35
DA:111,14
DA:117,28
DA:120,7
DA:121,21
DA:123,14
DA:124,14
DA:125,42
DA:128,5
DA:129,10
DA:130,15
DA:131,15
DA:132,15
DA:133,15
DA:139,7
DA:141,7
DA:142,14
DA:144,5
LF:59
LH:59
end_of_record
